<?xml version="1.0" encoding="UTF-8"?>
<!-- Generated by org.testng.reporters.JUnitReportReporter -->
<testsuite hostname="anirudh-vivobook" failures="0" tests="3" name="tests.DataDrivenTestingUsingJsonFile" time="7.002" errors="0" timestamp="2024-04-29T15:51:08 IST" skipped="0">
  <testcase classname="tests.DataDrivenTestingUsingJsonFile" name="DataDrivenTestingUsingJson" time="1.240"/>
  <system-out/>
  <testcase classname="tests.DataDrivenTestingUsingJsonFile" name="DataDrivenTestingUsingJson" time="4.542"/>
  <system-out/>
  <testcase classname="tests.DataDrivenTestingUsingJsonFile" name="DataDrivenTestingUsingJson" time="1.220"/>
  <system-out/>
</testsuite> <!-- tests.DataDrivenTestingUsingJsonFile -->
