<?xml version="1.0" encoding="UTF-8"?>
<!-- Generated by org.testng.reporters.JUnitReportReporter -->
<testsuite hostname="anirudh-vivobook" failures="0" tests="2" name="tests.AllureReportGeneration" time="14.988" errors="0" timestamp="2024-04-29T13:13:59 IST" skipped="0">
  <testcase classname="tests.AllureReportGeneration" name="e2eAPITest2" time="2.410"/>
  <system-out/>
  <testcase classname="tests.AllureReportGeneration" name="e2eAPIRequest" time="12.578"/>
  <system-out/>
</testsuite> <!-- tests.AllureReportGeneration -->
