<?xml version="1.0" encoding="UTF-8"?>
<!-- Generated by org.testng.reporters.JUnitReportReporter -->
<testsuite hostname="anirudh-vivobook" failures="0" tests="2" name="tests.DataDrivenTestingUsingExcelFile" time="5.967" errors="0" timestamp="2024-05-01T12:02:24 IST" skipped="0">
  <testcase classname="tests.DataDrivenTestingUsingExcelFile" name="DataDrivenTesting" time="1.471"/>
  <system-out/>
  <testcase classname="tests.DataDrivenTestingUsingExcelFile" name="DataDrivenTesting" time="4.496"/>
  <system-out/>
</testsuite> <!-- tests.DataDrivenTestingUsingExcelFile -->
