<?xml version="1.0" encoding="UTF-8"?>
<!-- Generated by org.testng.reporters.JUnitReportReporter -->
<testsuite hostname="anirudh-vivobook" failures="0" tests="1" name="tests.PostAPIRequest" time="10.329" errors="0" timestamp="2024-04-26T12:03:38 IST" skipped="0">
  <testcase classname="tests.PostAPIRequest" name="createBooking" time="10.329"/>
  <system-out/>
</testsuite> <!-- tests.PostAPIRequest -->
