<?xml version="1.0" encoding="UTF-8"?>
<!-- Generated by org.testng.reporters.JUnitReportReporter -->
<testsuite hostname="anirudh-vivobook" failures="0" tests="1" name="tests.PutAPIRequest" time="13.370" errors="0" timestamp="2024-04-26T14:46:23 IST" skipped="0">
  <testcase classname="tests.PutAPIRequest" name="putAPIRequest" time="13.370"/>
  <system-out/>
</testsuite> <!-- tests.PutAPIRequest -->
