<?xml version="1.0" encoding="UTF-8"?>
<!-- Generated by org.testng.reporters.JUnitReportReporter -->
<testsuite hostname="anirudh-vivobook" failures="0" tests="3" name="tests.DataDrivenTestingUsingCSVFile" time="8.772" errors="0" timestamp="2024-04-30T15:26:50 IST" skipped="0">
  <testcase classname="tests.DataDrivenTestingUsingCSVFile" name="DataDrivenTesting" time="1.313"/>
  <system-out/>
  <testcase classname="tests.DataDrivenTestingUsingCSVFile" name="DataDrivenTesting" time="6.206"/>
  <system-out/>
  <testcase classname="tests.DataDrivenTestingUsingCSVFile" name="DataDrivenTesting" time="1.253"/>
  <system-out/>
</testsuite> <!-- tests.DataDrivenTestingUsingCSVFile -->
