<?xml version="1.0" encoding="UTF-8"?>
<!-- Generated by org.testng.reporters.JUnitReportReporter -->
<testsuite hostname="anirudh-vivobook" failures="0" tests="1" name="tests.EndToEndAPITest" time="18.847" errors="0" timestamp="2024-04-26T15:42:56 IST" skipped="0">
  <testcase classname="tests.EndToEndAPITest" name="e2eAPIRequest" time="18.847"/>
  <system-out/>
</testsuite> <!-- tests.EndToEndAPITest -->
