<?xml version="1.0" encoding="UTF-8"?>
<!-- Generated by org.testng.reporters.JUnitReportReporter -->
<testsuite hostname="anirudh-vivobook" failures="0" tests="1" name="tests.GetAPIRequest" time="5.877" errors="0" timestamp="2024-04-26T11:37:03 IST" skipped="0">
  <testcase classname="tests.GetAPIRequest" name="getAllBookings" time="5.877"/>
  <system-out/>
</testsuite> <!-- tests.GetAPIRequest -->
